<?xml version="1.0" encoding="UTF-8"?>
<testsuite xmlns:xsi="http://www.w3.org/2001/XMLSchema-instance" xsi:noNamespaceSchemaLocation="https://maven.apache.org/surefire/maven-surefire-plugin/xsd/surefire-test-report.xsd" name="br.com.daads.tutorial.AppTest" time="0.043" tests="1" errors="0" skipped="0" failures="0">
  <properties>
    <property name="awt.toolkit" value="sun.awt.X11.XToolkit"/>
    <property name="jdk.extensions.version" value="11.0.6.0"/>
    <property name="java.specification.version" value="11"/>
    <property name="file.encoding.pkg" value="sun.io"/>
    <property name="sun.jnu.encoding" value="UTF-8"/>
    <property name="java.class.path" value="/home/cazevedo/Documentos/Java/TutoriaisBlog/tutorial-maven/target/test-classes:/home/cazevedo/Documentos/Java/TutoriaisBlog/tutorial-maven/target/classes:/home/cazevedo/.m2/repository/junit/junit/4.11/junit-4.11.jar:/home/cazevedo/.m2/repository/org/hamcrest/hamcrest-core/1.3/hamcrest-core-1.3.jar:/home/cazevedo/.m2/repository/org/projectlombok/lombok/1.18.12/lombok-1.18.12.jar:"/>
    <property name="java.vm.vendor" value="Eclipse OpenJ9"/>
    <property name="com.ibm.vm.bitmode" value="64"/>
    <property name="sun.arch.data.model" value="64"/>
    <property name="user.variant" value=""/>
    <property name="com.ibm.oti.vm.library.version" value="29"/>
    <property name="java.vendor.url" value="http://www.eclipse.org/openj9"/>
    <property name="user.timezone" value=""/>
    <property name="os.name" value="Linux"/>
    <property name="java.vm.specification.version" value="11"/>
    <property name="user.country" value="BR"/>
    <property name="sun.java.launcher" value="SUN_STANDARD"/>
    <property name="sun.boot.library.path" value="/home/cazevedo/.sdkman/candidates/java/11.0.6.j9-adpt/lib/compressedrefs:/home/cazevedo/.sdkman/candidates/java/11.0.6.j9-adpt/lib"/>
    <property name="sun.java.command" value="/home/cazevedo/Documentos/Java/TutoriaisBlog/tutorial-maven/target/surefire/surefirebooter9959805538164460148.jar /home/cazevedo/Documentos/Java/TutoriaisBlog/tutorial-maven/target/surefire 2020-02-26T15-46-30_441-jvmRun1 surefire10134078627351538501tmp surefire_09610977575463245114tmp"/>
    <property name="surefire.test.class.path" value="/home/cazevedo/Documentos/Java/TutoriaisBlog/tutorial-maven/target/test-classes:/home/cazevedo/Documentos/Java/TutoriaisBlog/tutorial-maven/target/classes:/home/cazevedo/.m2/repository/junit/junit/4.11/junit-4.11.jar:/home/cazevedo/.m2/repository/org/hamcrest/hamcrest-core/1.3/hamcrest-core-1.3.jar:/home/cazevedo/.m2/repository/org/projectlombok/lombok/1.18.12/lombok-1.18.12.jar:"/>
    <property name="sun.cpu.endian" value="little"/>
    <property name="user.home" value="/home/cazevedo"/>
    <property name="user.language" value="pt"/>
    <property name="java.specification.vendor" value="Oracle Corporation"/>
    <property name="java.version.date" value="2020-01-14"/>
    <property name="java.home" value="/home/cazevedo/.sdkman/candidates/java/11.0.6.j9-adpt"/>
    <property name="ibm.signalhandling.rs" value="false"/>
    <property name="jdk.extensions.name" value="Extensions for OpenJDK for Eclipse OpenJ9"/>
    <property name="basedir" value="/home/cazevedo/Documentos/Java/TutoriaisBlog/tutorial-maven"/>
    <property name="file.separator" value="/"/>
    <property name="line.separator" value="&#10;"/>
    <property name="java.vm.specification.vendor" value="Oracle Corporation"/>
    <property name="java.specification.name" value="Java Platform API Specification"/>
    <property name="java.compiler" value="j9jit29"/>
    <property name="sun.java.launcher.pid" value="18855"/>
    <property name="com.ibm.util.extralibs.properties" value=""/>
    <property name="java.awt.graphicsenv" value="sun.awt.X11GraphicsEnvironment"/>
    <property name="com.ibm.oti.configuration" value="scar"/>
    <property name="java.awt.fonts" value=""/>
    <property name="surefire.real.class.path" value="/home/cazevedo/Documentos/Java/TutoriaisBlog/tutorial-maven/target/surefire/surefirebooter9959805538164460148.jar"/>
    <property name="com.ibm.oti.shared.enabled" value="false"/>
    <property name="com.ibm.oti.vm.bootstrap.library.path" value="/home/cazevedo/.sdkman/candidates/java/11.0.6.j9-adpt/lib/compressedrefs:/home/cazevedo/.sdkman/candidates/java/11.0.6.j9-adpt/lib"/>
    <property name="com.ibm.cpu.endian" value="little"/>
    <property name="java.fullversion" value="11.0.6+10&#10;JRE 11 Linux amd64-64-Bit Compressed References 20200116_433 (JIT enabled, AOT enabled)&#10;OpenJ9   - 6968c18d7&#10;OMR      - 7a1b0239a&#10;JCL      - 104cab2452 based on jdk-11.0.6+10"/>
    <property name="java.runtime.version" value="11.0.6+10"/>
    <property name="user.name" value="cazevedo"/>
    <property name="path.separator" value=":"/>
    <property name="os.version" value="5.5.2-1-MANJARO"/>
    <property name="java.runtime.name" value="OpenJDK Runtime Environment"/>
    <property name="ibm.signalhandling.sigint" value="true"/>
    <property name="file.encoding" value="UTF-8"/>
    <property name="java.vm.name" value="Eclipse OpenJ9 VM"/>
    <property name="java.vendor.version" value="AdoptOpenJDK"/>
    <property name="ibm.signalhandling.sigchain" value="true"/>
    <property name="localRepository" value="/home/cazevedo/.m2/repository"/>
    <property name="java.io.tmpdir" value="/tmp"/>
    <property name="java.version" value="11.0.6"/>
    <property name="user.dir" value="/home/cazevedo/Documentos/Java/TutoriaisBlog/tutorial-maven"/>
    <property name="com.ibm.system.agent.path" value="/home/cazevedo/.sdkman/candidates/java/11.0.6.j9-adpt/lib"/>
    <property name="os.arch" value="amd64"/>
    <property name="java.vm.specification.name" value="Java Virtual Machine Specification"/>
    <property name="java.awt.printerjob" value="sun.print.PSPrinterJob"/>
    <property name="os.encoding" value="UTF-8"/>
    <property name="java.library.path" value="/home/cazevedo/.sdkman/candidates/java/11.0.6.j9-adpt/lib/compressedrefs:/home/cazevedo/.sdkman/candidates/java/11.0.6.j9-adpt/lib:/usr/lib64:/usr/lib"/>
    <property name="java.vm.info" value="JRE 11 Linux amd64-64-Bit Compressed References 20200116_433 (JIT enabled, AOT enabled)&#10;OpenJ9   - 6968c18d7&#10;OMR      - 7a1b0239a&#10;JCL      - 104cab2452 based on jdk-11.0.6+10"/>
    <property name="java.vendor" value="Eclipse OpenJ9"/>
    <property name="java.vm.version" value="openj9-0.18.0"/>
    <property name="ibm.system.encoding" value="UTF-8"/>
    <property name="com.ibm.jcl.checkClassPath" value=""/>
    <property name="sun.io.unicode.encoding" value="UnicodeLittle"/>
    <property name="java.class.version" value="55.0"/>
  </properties>
  <testcase name="shouldAnswerWithTrue" classname="br.com.daads.tutorial.AppTest" time="0.004"/>
</testsuite>